app/build/intermediates/manifest_merge_blame_file/debug/processDebugMainManifest/manifest-merger-blame-debug-report.txt
1<?xml version="1.0" encoding="utf-8"?>
2<manifest xmlns:android="http://schemas.android.com/apk/res/android"
3    package="com.medioambiente"
4    android:versionCode="1"
5    android:versionName="1.0" >
6
7    <uses-sdk
8        android:minSdkVersion="24"
9        android:targetSdkVersion="34" />
10
11    <uses-permission android:name="android.permission.INTERNET" />
11-->src\main\AndroidManifest.xml:5:5-67
11-->src\main\AndroidManifest.xml:5:22-64
12    <uses-permission android:name="android.permission.ACCESS_NETWORK_STATE" />
12-->src\main\AndroidManifest.xml:6:5-79
12-->src\main\AndroidManifest.xml:6:22-76
13    <uses-permission android:name="android.permission.ACCESS_WIFI_STATE" />
13-->src\main\AndroidManifest.xml:7:5-76
13-->src\main\AndroidManifest.xml:7:22-73
14    <uses-permission
14-->src\main\AndroidManifest.xml:8:5-108
15        android:name="android.permission.WRITE_EXTERNAL_STORAGE"
15-->src\main\AndroidManifest.xml:8:22-78
16        android:maxSdkVersion="28" />
16-->src\main\AndroidManifest.xml:8:79-105
17    <uses-permission android:name="android.permission.CAMERA" />
17-->src\main\AndroidManifest.xml:10:5-65
17-->src\main\AndroidManifest.xml:10:22-62
18    <uses-permission android:name="android.permission.ACCESS_FINE_LOCATION" />
18-->src\main\AndroidManifest.xml:11:5-79
18-->src\main\AndroidManifest.xml:11:22-76
19    <uses-permission android:name="android.permission.ACCESS_COARSE_LOCATION" />
19-->src\main\AndroidManifest.xml:12:5-81
19-->src\main\AndroidManifest.xml:12:22-78
20
21    <uses-feature
21-->src\main\AndroidManifest.xml:13:5-84
22        android:name="android.hardware.camera"
22-->src\main\AndroidManifest.xml:13:19-57
23        android:required="true" />
23-->src\main\AndroidManifest.xml:13:58-81
24    <uses-feature android:name="android.hardware.location.gps" />
24-->src\main\AndroidManifest.xml:14:5-66
24-->src\main\AndroidManifest.xml:14:19-63
25    <uses-feature
25-->[com.google.android.gms:play-services-maps:18.2.0] AndroidManifest.xml:26:5-28:35
26        android:glEsVersion="0x00020000"
26-->[com.google.android.gms:play-services-maps:18.2.0] AndroidManifest.xml:27:9-41
27        android:required="true" />
27-->[com.google.android.gms:play-services-maps:18.2.0] AndroidManifest.xml:28:9-32
28
29    <queries>
29-->[com.google.android.gms:play-services-maps:18.2.0] AndroidManifest.xml:30:5-34:15
30
31        <!-- Needs to be explicitly declared on Android R+ -->
32        <package android:name="com.google.android.apps.maps" />
32-->[com.google.android.gms:play-services-maps:18.2.0] AndroidManifest.xml:33:9-64
32-->[com.google.android.gms:play-services-maps:18.2.0] AndroidManifest.xml:33:18-61
33    </queries>
34
35    <permission
35-->[androidx.core:core:1.12.0] AndroidManifest.xml:22:5-24:47
36        android:name="com.medioambiente.DYNAMIC_RECEIVER_NOT_EXPORTED_PERMISSION"
36-->[androidx.core:core:1.12.0] AndroidManifest.xml:23:9-81
37        android:protectionLevel="signature" />
37-->[androidx.core:core:1.12.0] AndroidManifest.xml:24:9-44
38
39    <uses-permission android:name="com.medioambiente.DYNAMIC_RECEIVER_NOT_EXPORTED_PERMISSION" />
39-->[androidx.core:core:1.12.0] AndroidManifest.xml:26:5-97
39-->[androidx.core:core:1.12.0] AndroidManifest.xml:26:22-94
40
41    <supports-screens
41-->[org.osmdroid:osmdroid-android:6.1.18] AndroidManifest.xml:9:5-12:40
42        android:anyDensity="true"
42-->[org.osmdroid:osmdroid-android:6.1.18] AndroidManifest.xml:10:9-34
43        android:largeScreens="true"
43-->[org.osmdroid:osmdroid-android:6.1.18] AndroidManifest.xml:11:9-36
44        android:normalScreens="true" />
44-->[org.osmdroid:osmdroid-android:6.1.18] AndroidManifest.xml:12:9-37
45
46    <uses-feature
46-->[org.osmdroid:osmdroid-android:6.1.18] AndroidManifest.xml:14:5-16:36
47        android:name="android.hardware.location.network"
47-->[org.osmdroid:osmdroid-android:6.1.18] AndroidManifest.xml:15:9-57
48        android:required="false" />
48-->[org.osmdroid:osmdroid-android:6.1.18] AndroidManifest.xml:16:9-33
49    <uses-feature
49-->[org.osmdroid:osmdroid-android:6.1.18] AndroidManifest.xml:20:5-22:36
50        android:name="android.hardware.telephony"
50-->[org.osmdroid:osmdroid-android:6.1.18] AndroidManifest.xml:21:9-50
51        android:required="false" />
51-->[org.osmdroid:osmdroid-android:6.1.18] AndroidManifest.xml:22:9-33
52    <uses-feature
52-->[org.osmdroid:osmdroid-android:6.1.18] AndroidManifest.xml:23:5-25:36
53        android:name="android.hardware.wifi"
53-->[org.osmdroid:osmdroid-android:6.1.18] AndroidManifest.xml:24:9-45
54        android:required="false" />
54-->[org.osmdroid:osmdroid-android:6.1.18] AndroidManifest.xml:25:9-33
55
56    <application
56-->src\main\AndroidManifest.xml:16:5-124:19
57        android:name="com.medioambiente.MedioAmbienteApplication"
57-->src\main\AndroidManifest.xml:17:9-49
58        android:allowBackup="true"
58-->src\main\AndroidManifest.xml:18:9-35
59        android:appComponentFactory="androidx.core.app.CoreComponentFactory"
59-->[androidx.core:core:1.12.0] AndroidManifest.xml:28:18-86
60        android:debuggable="true"
61        android:extractNativeLibs="false"
62        android:icon="@mipmap/aaaaaaoooo"
62-->src\main\AndroidManifest.xml:19:9-42
63        android:label="@string/app_name"
63-->src\main\AndroidManifest.xml:20:9-41
64        android:networkSecurityConfig="@xml/network_security_config"
64-->src\main\AndroidManifest.xml:24:9-69
65        android:roundIcon="@mipmap/aaaaaaoooo"
65-->src\main\AndroidManifest.xml:21:9-47
66        android:supportsRtl="true"
66-->src\main\AndroidManifest.xml:22:9-35
67        android:theme="@style/AppTheme" >
67-->src\main\AndroidManifest.xml:23:9-40
68        <activity
68-->src\main\AndroidManifest.xml:26:9-34:20
69            android:name="com.medioambiente.activities.MainActivity"
69-->src\main\AndroidManifest.xml:27:13-52
70            android:exported="true"
70-->src\main\AndroidManifest.xml:28:13-36
71            android:theme="@style/SplashTheme" >
71-->src\main\AndroidManifest.xml:29:13-47
72            <intent-filter>
72-->src\main\AndroidManifest.xml:30:13-33:29
73                <action android:name="android.intent.action.MAIN" />
73-->src\main\AndroidManifest.xml:31:17-69
73-->src\main\AndroidManifest.xml:31:25-66
74
75                <category android:name="android.intent.category.LAUNCHER" />
75-->src\main\AndroidManifest.xml:32:17-77
75-->src\main\AndroidManifest.xml:32:27-74
76            </intent-filter>
77        </activity>
78        <activity
78-->src\main\AndroidManifest.xml:36:9-38:40
79            android:name="com.medioambiente.activities.LoginActivity"
79-->src\main\AndroidManifest.xml:37:13-53
80            android:exported="false" />
80-->src\main\AndroidManifest.xml:38:13-37
81        <activity
81-->src\main\AndroidManifest.xml:40:9-42:40
82            android:name="com.medioambiente.activities.AreasProtegidasActivity"
82-->src\main\AndroidManifest.xml:41:13-63
83            android:exported="false" />
83-->src\main\AndroidManifest.xml:42:13-37
84        <activity
84-->src\main\AndroidManifest.xml:44:9-46:40
85            android:name="com.medioambiente.activities.AreaDetailActivity"
85-->src\main\AndroidManifest.xml:45:13-58
86            android:exported="false" />
86-->src\main\AndroidManifest.xml:46:13-37
87        <activity
87-->src\main\AndroidManifest.xml:48:9-50:40
88            android:name="com.medioambiente.activities.ForgotPasswordActivity"
88-->src\main\AndroidManifest.xml:49:13-62
89            android:exported="false" />
89-->src\main\AndroidManifest.xml:50:13-37
90        <activity
90-->src\main\AndroidManifest.xml:52:9-54:40
91            android:name="com.medioambiente.activities.ServicesActivity"
91-->src\main\AndroidManifest.xml:53:13-56
92            android:exported="false" />
92-->src\main\AndroidManifest.xml:54:13-37
93        <activity
93-->src\main\AndroidManifest.xml:56:9-58:40
94            android:name="com.medioambiente.activities.NewsActivity"
94-->src\main\AndroidManifest.xml:57:13-52
95            android:exported="false" />
95-->src\main\AndroidManifest.xml:58:13-37
96        <activity
96-->src\main\AndroidManifest.xml:60:9-62:40
97            android:name="com.medioambiente.activities.NewsDetailsActivity"
97-->src\main\AndroidManifest.xml:61:13-59
98            android:exported="false" />
98-->src\main\AndroidManifest.xml:62:13-37
99        <activity
99-->src\main\AndroidManifest.xml:64:9-66:40
100            android:name="com.medioambiente.activities.VideosActivity"
100-->src\main\AndroidManifest.xml:65:13-54
101            android:exported="false" />
101-->src\main\AndroidManifest.xml:66:13-37
102        <activity
102-->src\main\AndroidManifest.xml:68:9-70:40
103            android:name="com.medioambiente.activities.MedidasActivity"
103-->src\main\AndroidManifest.xml:69:13-55
104            android:exported="false" />
104-->src\main\AndroidManifest.xml:70:13-37
105        <activity
105-->src\main\AndroidManifest.xml:72:9-74:40
106            android:name="com.medioambiente.activities.EquipoActivity"
106-->src\main\AndroidManifest.xml:73:13-54
107            android:exported="false" />
107-->src\main\AndroidManifest.xml:74:13-37
108        <activity
108-->src\main\AndroidManifest.xml:76:9-78:40
109            android:name="com.medioambiente.activities.MiembroDetailActivity"
109-->src\main\AndroidManifest.xml:77:13-61
110            android:exported="false" />
110-->src\main\AndroidManifest.xml:78:13-37
111        <activity
111-->src\main\AndroidManifest.xml:80:9-82:40
112            android:name="com.medioambiente.activities.MapaActivity"
112-->src\main\AndroidManifest.xml:81:13-52
113            android:exported="false" />
113-->src\main\AndroidManifest.xml:82:13-37
114        <activity
114-->src\main\AndroidManifest.xml:84:9-86:40
115            android:name="com.medioambiente.activities.AcercaActivity"
115-->src\main\AndroidManifest.xml:85:13-54
116            android:exported="false" />
116-->src\main\AndroidManifest.xml:86:13-37
117        <activity
117-->src\main\AndroidManifest.xml:88:9-90:40
118            android:name="com.medioambiente.activities.VoluntarioActivity"
118-->src\main\AndroidManifest.xml:89:13-58
119            android:exported="false" />
119-->src\main\AndroidManifest.xml:90:13-37
120        <activity
120-->src\main\AndroidManifest.xml:92:9-94:40
121            android:name="com.medioambiente.activities.RegisterActivity"
121-->src\main\AndroidManifest.xml:93:13-56
122            android:exported="false" />
122-->src\main\AndroidManifest.xml:94:13-37
123        <activity
123-->src\main\AndroidManifest.xml:96:9-98:40
124            android:name="com.medioambiente.activities.NormativasActivity"
124-->src\main\AndroidManifest.xml:97:13-58
125            android:exported="false" />
125-->src\main\AndroidManifest.xml:98:13-37
126        <activity
126-->src\main\AndroidManifest.xml:100:9-102:40
127            android:name="com.medioambiente.activities.ReportActivity"
127-->src\main\AndroidManifest.xml:101:13-54
128            android:exported="false" />
128-->src\main\AndroidManifest.xml:102:13-37
129        <activity
129-->src\main\AndroidManifest.xml:104:9-106:40
130            android:name="com.medioambiente.activities.MisReportesActivity"
130-->src\main\AndroidManifest.xml:105:13-59
131            android:exported="false" />
131-->src\main\AndroidManifest.xml:106:13-37
132        <activity
132-->src\main\AndroidManifest.xml:108:9-110:40
133            android:name="com.medioambiente.activities.MapaReportesActivity"
133-->src\main\AndroidManifest.xml:109:13-60
134            android:exported="false" />
134-->src\main\AndroidManifest.xml:110:13-37
135        <activity
135-->src\main\AndroidManifest.xml:112:9-114:40
136            android:name="com.medioambiente.activities.ReportDetailsActivity"
136-->src\main\AndroidManifest.xml:113:13-61
137            android:exported="false" />
137-->src\main\AndroidManifest.xml:114:13-37
138        <activity
138-->src\main\AndroidManifest.xml:116:9-118:40
139            android:name="com.medioambiente.activities.ChangePasswordActivity"
139-->src\main\AndroidManifest.xml:117:13-62
140            android:exported="false" />
140-->src\main\AndroidManifest.xml:118:13-37
141        <activity
141-->src\main\AndroidManifest.xml:120:9-122:40
142            android:name="com.medioambiente.activities.AboutUsActivity"
142-->src\main\AndroidManifest.xml:121:13-55
143            android:exported="false" />
143-->src\main\AndroidManifest.xml:122:13-37
144
145        <provider
145-->[androidx.emoji2:emoji2:1.2.0] AndroidManifest.xml:24:9-32:20
146            android:name="androidx.startup.InitializationProvider"
146-->[androidx.emoji2:emoji2:1.2.0] AndroidManifest.xml:25:13-67
147            android:authorities="com.medioambiente.androidx-startup"
147-->[androidx.emoji2:emoji2:1.2.0] AndroidManifest.xml:26:13-68
148            android:exported="false" >
148-->[androidx.emoji2:emoji2:1.2.0] AndroidManifest.xml:27:13-37
149            <meta-data
149-->[androidx.emoji2:emoji2:1.2.0] AndroidManifest.xml:29:13-31:52
150                android:name="androidx.emoji2.text.EmojiCompatInitializer"
150-->[androidx.emoji2:emoji2:1.2.0] AndroidManifest.xml:30:17-75
151                android:value="androidx.startup" />
151-->[androidx.emoji2:emoji2:1.2.0] AndroidManifest.xml:31:17-49
152            <meta-data
152-->[androidx.lifecycle:lifecycle-process:2.6.1] AndroidManifest.xml:29:13-31:52
153                android:name="androidx.lifecycle.ProcessLifecycleInitializer"
153-->[androidx.lifecycle:lifecycle-process:2.6.1] AndroidManifest.xml:30:17-78
154                android:value="androidx.startup" />
154-->[androidx.lifecycle:lifecycle-process:2.6.1] AndroidManifest.xml:31:17-49
155            <meta-data
155-->[androidx.profileinstaller:profileinstaller:1.3.0] AndroidManifest.xml:29:13-31:52
156                android:name="androidx.profileinstaller.ProfileInstallerInitializer"
156-->[androidx.profileinstaller:profileinstaller:1.3.0] AndroidManifest.xml:30:17-85
157                android:value="androidx.startup" />
157-->[androidx.profileinstaller:profileinstaller:1.3.0] AndroidManifest.xml:31:17-49
158        </provider> <!-- Needs to be explicitly declared on P+ -->
159        <uses-library
159-->[com.google.android.gms:play-services-maps:18.2.0] AndroidManifest.xml:39:9-41:40
160            android:name="org.apache.http.legacy"
160-->[com.google.android.gms:play-services-maps:18.2.0] AndroidManifest.xml:40:13-50
161            android:required="false" />
161-->[com.google.android.gms:play-services-maps:18.2.0] AndroidManifest.xml:41:13-37
162
163        <activity
163-->[com.google.android.gms:play-services-base:18.1.0] AndroidManifest.xml:20:9-22:45
164            android:name="com.google.android.gms.common.api.GoogleApiActivity"
164-->[com.google.android.gms:play-services-base:18.1.0] AndroidManifest.xml:20:19-85
165            android:exported="false"
165-->[com.google.android.gms:play-services-base:18.1.0] AndroidManifest.xml:22:19-43
166            android:theme="@android:style/Theme.Translucent.NoTitleBar" />
166-->[com.google.android.gms:play-services-base:18.1.0] AndroidManifest.xml:21:19-78
167
168        <meta-data
168-->[com.google.android.gms:play-services-basement:18.1.0] AndroidManifest.xml:21:9-23:69
169            android:name="com.google.android.gms.version"
169-->[com.google.android.gms:play-services-basement:18.1.0] AndroidManifest.xml:22:13-58
170            android:value="@integer/google_play_services_version" />
170-->[com.google.android.gms:play-services-basement:18.1.0] AndroidManifest.xml:23:13-66
171
172        <receiver
172-->[androidx.profileinstaller:profileinstaller:1.3.0] AndroidManifest.xml:34:9-52:20
173            android:name="androidx.profileinstaller.ProfileInstallReceiver"
173-->[androidx.profileinstaller:profileinstaller:1.3.0] AndroidManifest.xml:35:13-76
174            android:directBootAware="false"
174-->[androidx.profileinstaller:profileinstaller:1.3.0] AndroidManifest.xml:36:13-44
175            android:enabled="true"
175-->[androidx.profileinstaller:profileinstaller:1.3.0] AndroidManifest.xml:37:13-35
176            android:exported="true"
176-->[androidx.profileinstaller:profileinstaller:1.3.0] AndroidManifest.xml:38:13-36
177            android:permission="android.permission.DUMP" >
177-->[androidx.profileinstaller:profileinstaller:1.3.0] AndroidManifest.xml:39:13-57
178            <intent-filter>
178-->[androidx.profileinstaller:profileinstaller:1.3.0] AndroidManifest.xml:40:13-42:29
179                <action android:name="androidx.profileinstaller.action.INSTALL_PROFILE" />
179-->[androidx.profileinstaller:profileinstaller:1.3.0] AndroidManifest.xml:41:17-91
179-->[androidx.profileinstaller:profileinstaller:1.3.0] AndroidManifest.xml:41:25-88
180            </intent-filter>
181            <intent-filter>
181-->[androidx.profileinstaller:profileinstaller:1.3.0] AndroidManifest.xml:43:13-45:29
182                <action android:name="androidx.profileinstaller.action.SKIP_FILE" />
182-->[androidx.profileinstaller:profileinstaller:1.3.0] AndroidManifest.xml:44:17-85
182-->[androidx.profileinstaller:profileinstaller:1.3.0] AndroidManifest.xml:44:25-82
183            </intent-filter>
184            <intent-filter>
184-->[androidx.profileinstaller:profileinstaller:1.3.0] AndroidManifest.xml:46:13-48:29
185                <action android:name="androidx.profileinstaller.action.SAVE_PROFILE" />
185-->[androidx.profileinstaller:profileinstaller:1.3.0] AndroidManifest.xml:47:17-88
185-->[androidx.profileinstaller:profileinstaller:1.3.0] AndroidManifest.xml:47:25-85
186            </intent-filter>
187            <intent-filter>
187-->[androidx.profileinstaller:profileinstaller:1.3.0] AndroidManifest.xml:49:13-51:29
188                <action android:name="androidx.profileinstaller.action.BENCHMARK_OPERATION" />
188-->[androidx.profileinstaller:profileinstaller:1.3.0] AndroidManifest.xml:50:17-95
188-->[androidx.profileinstaller:profileinstaller:1.3.0] AndroidManifest.xml:50:25-92
189            </intent-filter>
190        </receiver>
191    </application>
192
193</manifest>